mode: set
github.com/IIIoooRRR/G4D/gateway/Connect.go:13.61,16.6 3 0
github.com/IIIoooRRR/G4D/gateway/Connect.go:16.6,18.17 2 0
github.com/IIIoooRRR/G4D/gateway/Connect.go:18.17,19.9 1 0
github.com/IIIoooRRR/G4D/gateway/Connect.go:21.3,22.17 2 0
github.com/IIIoooRRR/G4D/gateway/Connect.go:22.17,24.4 1 0
github.com/IIIoooRRR/G4D/gateway/Connect.go:27.2,28.19 2 0
github.com/IIIoooRRR/G4D/gateway/Connect.go:28.19,30.3 1 0
github.com/IIIoooRRR/G4D/gateway/Connect.go:31.2,33.16 3 0
github.com/IIIoooRRR/G4D/gateway/Connect.go:33.16,35.3 1 0
github.com/IIIoooRRR/G4D/gateway/Connect.go:36.2,37.16 2 0
github.com/IIIoooRRR/G4D/gateway/Connect.go:37.16,39.3 1 0
github.com/IIIoooRRR/G4D/gateway/Connect.go:40.2,41.12 2 0
github.com/IIIoooRRR/G4D/gateway/Connect.go:44.54,45.40 1 0
github.com/IIIoooRRR/G4D/gateway/Connect.go:45.40,47.17 2 0
github.com/IIIoooRRR/G4D/gateway/Connect.go:47.18,48.4 0 0
github.com/IIIoooRRR/G4D/gateway/Connect.go:50.2,50.6 1 0
github.com/IIIoooRRR/G4D/gateway/Connect.go:50.6,51.10 1 0
github.com/IIIoooRRR/G4D/gateway/Connect.go:52.21,53.14 1 0
github.com/IIIoooRRR/G4D/gateway/Connect.go:54.11,58.18 3 0
github.com/IIIoooRRR/G4D/gateway/Connect.go:58.18,60.5 1 0
github.com/IIIoooRRR/G4D/gateway/Connect.go:61.4,62.14 2 0
github.com/IIIoooRRR/G4D/gateway/Connect.go:63.11,64.15 1 0
github.com/IIIoooRRR/G4D/gateway/Connect.go:64.15,66.20 2 0
github.com/IIIoooRRR/G4D/gateway/Connect.go:66.20,68.7 1 0
github.com/IIIoooRRR/G4D/gateway/Connect.go:70.11,78.19 5 0
github.com/IIIoooRRR/G4D/gateway/Connect.go:78.19,81.6 2 0
github.com/IIIoooRRR/G4D/gateway/Connect.go:82.11,83.38 1 0
github.com/IIIoooRRR/G4D/gateway/Connect.go:83.38,87.6 3 0
github.com/IIIoooRRR/G4D/gateway/Connect.go:88.11,93.55 5 0
github.com/IIIoooRRR/G4D/gateway/CreateBot.go:11.78,12.22 1 0
github.com/IIIoooRRR/G4D/gateway/CreateBot.go:12.22,14.3 1 0
github.com/IIIoooRRR/G4D/gateway/CreateBot.go:15.2,15.20 1 0
github.com/IIIoooRRR/G4D/gateway/CreateBot.go:15.20,16.23 1 0
github.com/IIIoooRRR/G4D/gateway/CreateBot.go:16.23,19.4 2 0
github.com/IIIoooRRR/G4D/gateway/CreateBot.go:19.9,21.4 1 0
github.com/IIIoooRRR/G4D/gateway/CreateBot.go:23.2,24.6 2 0
github.com/IIIoooRRR/G4D/gateway/CreateBot.go:24.6,26.17 2 0
github.com/IIIoooRRR/G4D/gateway/CreateBot.go:26.17,30.4 3 0
github.com/IIIoooRRR/G4D/gateway/CreateBot.go:32.2,32.12 1 0
github.com/IIIoooRRR/G4D/gateway/Stop.go:5.27,6.37 1 0
github.com/IIIoooRRR/G4D/gateway/Stop.go:6.37,8.3 1 0
github.com/IIIoooRRR/G4D/gateway/Stop.go:9.2,9.24 1 0
github.com/IIIoooRRR/G4D/gateway/Stop.go:9.24,11.3 1 0
github.com/IIIoooRRR/G4D/gateway/Stop.go:12.2,12.48 1 0
github.com/IIIoooRRR/G4D/gateway/dispatch.go:11.56,14.11 3 0
github.com/IIIoooRRR/G4D/gateway/dispatch.go:15.15,17.53 2 0
github.com/IIIoooRRR/G4D/gateway/dispatch.go:17.53,19.4 1 0
github.com/IIIoooRRR/G4D/gateway/dispatch.go:20.3,23.35 3 0
github.com/IIIoooRRR/G4D/gateway/dispatch.go:24.10,28.4 1 0
github.com/IIIoooRRR/G4D/gateway/dispatch.go:30.2,31.12 2 0
github.com/IIIoooRRR/G4D/gateway/gateway.go:9.36,11.16 2 0
github.com/IIIoooRRR/G4D/gateway/gateway.go:11.16,14.3 2 0
github.com/IIIoooRRR/G4D/gateway/gateway.go:15.2,17.12 3 0
github.com/IIIoooRRR/G4D/gateway/heartbeat.go:11.57,14.6 3 0
github.com/IIIoooRRR/G4D/gateway/heartbeat.go:14.6,15.10 1 0
github.com/IIIoooRRR/G4D/gateway/heartbeat.go:16.19,24.18 4 0
github.com/IIIoooRRR/G4D/gateway/heartbeat.go:24.18,26.5 1 0
github.com/IIIoooRRR/G4D/gateway/heartbeat.go:27.21,29.14 2 0
github.com/IIIoooRRR/G4D/gateway/hello.go:12.49,15.53 2 0
github.com/IIIoooRRR/G4D/gateway/hello.go:15.53,19.3 2 0
github.com/IIIoooRRR/G4D/gateway/hello.go:20.2,22.16 3 0
github.com/IIIoooRRR/G4D/gateway/hello.go:22.16,25.3 2 0
github.com/IIIoooRRR/G4D/gateway/hello.go:26.2,27.19 2 0
github.com/IIIoooRRR/G4D/gateway/helpers.go:8.29,17.2 1 0
github.com/IIIoooRRR/G4D/gateway/helpers.go:19.55,22.2 2 0
github.com/IIIoooRRR/G4D/gateway/helpers.go:24.72,27.2 2 0
github.com/IIIoooRRR/G4D/gateway/helpers.go:29.62,32.2 2 0
github.com/IIIoooRRR/G4D/gateway/helpers.go:33.92,39.2 2 0
github.com/IIIoooRRR/G4D/gateway/helpers.go:41.54,44.2 2 0
github.com/IIIoooRRR/G4D/gateway/identify.go:10.37,22.16 3 0
github.com/IIIoooRRR/G4D/gateway/identify.go:22.16,25.3 2 0
github.com/IIIoooRRR/G4D/gateway/identify.go:26.2,33.16 5 0
github.com/IIIoooRRR/G4D/gateway/identify.go:33.16,37.3 2 0
github.com/IIIoooRRR/G4D/gateway/identify.go:38.2,38.12 1 0
github.com/IIIoooRRR/G4D/gateway/resume.go:10.35,11.23 1 0
github.com/IIIoooRRR/G4D/gateway/resume.go:11.23,18.17 3 0
github.com/IIIoooRRR/G4D/gateway/resume.go:18.17,21.4 2 0
github.com/IIIoooRRR/G4D/gateway/resume.go:22.3,30.17 5 0
github.com/IIIoooRRR/G4D/gateway/resume.go:30.17,32.4 1 0
github.com/IIIoooRRR/G4D/gateway/resume.go:34.2,34.12 1 0
github.com/IIIoooRRR/G4D/gateway/status.go:7.68,9.16 2 0
github.com/IIIoooRRR/G4D/gateway/status.go:9.16,11.3 1 0
github.com/IIIoooRRR/G4D/gateway/status.go:12.2,12.12 1 0
github.com/IIIoooRRR/G4D/api/channel.go:11.74,13.16 2 0
github.com/IIIoooRRR/G4D/api/channel.go:13.16,15.3 1 0
github.com/IIIoooRRR/G4D/api/channel.go:16.2,18.12 3 0
github.com/IIIoooRRR/G4D/api/channel.go:21.78,23.16 2 0
github.com/IIIoooRRR/G4D/api/channel.go:23.16,25.3 1 0
github.com/IIIoooRRR/G4D/api/channel.go:26.2,28.12 3 0
github.com/IIIoooRRR/G4D/api/channel.go:31.79,33.16 2 0
github.com/IIIoooRRR/G4D/api/channel.go:33.16,35.3 1 0
github.com/IIIoooRRR/G4D/api/channel.go:36.2,38.12 3 0
github.com/IIIoooRRR/G4D/api/channel.go:41.69,44.16 3 0
github.com/IIIoooRRR/G4D/api/channel.go:44.16,46.3 1 0
github.com/IIIoooRRR/G4D/api/channel.go:47.2,47.34 1 0
github.com/IIIoooRRR/G4D/api/doDiscordRequest.go:14.72,17.16 3 0
github.com/IIIoooRRR/G4D/api/doDiscordRequest.go:17.16,19.3 1 0
github.com/IIIoooRRR/G4D/api/doDiscordRequest.go:20.2,24.16 5 0
github.com/IIIoooRRR/G4D/api/doDiscordRequest.go:24.16,26.3 1 0
github.com/IIIoooRRR/G4D/api/doDiscordRequest.go:27.2,28.53 2 0
github.com/IIIoooRRR/G4D/api/doDiscordRequest.go:28.53,31.3 2 0
github.com/IIIoooRRR/G4D/api/doDiscordRequest.go:32.2,33.16 2 0
github.com/IIIoooRRR/G4D/api/doDiscordRequest.go:33.16,35.3 1 0
github.com/IIIoooRRR/G4D/api/doDiscordRequest.go:36.2,36.22 1 0
github.com/IIIoooRRR/G4D/api/message.go:11.92,14.16 3 0
github.com/IIIoooRRR/G4D/api/message.go:14.16,16.3 1 0
github.com/IIIoooRRR/G4D/api/message.go:17.2,18.12 2 0
github.com/IIIoooRRR/G4D/api/message.go:21.76,25.16 4 0
github.com/IIIoooRRR/G4D/api/message.go:25.16,27.3 1 0
github.com/IIIoooRRR/G4D/api/message.go:28.2,29.12 2 0
github.com/IIIoooRRR/G4D/api/message.go:31.100,34.16 3 0
github.com/IIIoooRRR/G4D/api/message.go:34.16,36.3 1 0
github.com/IIIoooRRR/G4D/api/message.go:37.2,38.12 2 0
github.com/IIIoooRRR/G4D/api/message.go:40.78,44.2 3 0
github.com/IIIoooRRR/G4D/api/reaction.go:10.99,15.2 4 0
github.com/IIIoooRRR/G4D/api/reaction.go:16.102,21.2 4 0
github.com/IIIoooRRR/G4D/api/reaction.go:22.87,26.2 3 0
github.com/IIIoooRRR/G4D/api/reaction.go:27.114,32.2 4 0
github.com/IIIoooRRR/G4D/api/restriction.go:11.102,18.16 4 0
github.com/IIIoooRRR/G4D/api/restriction.go:18.16,20.3 1 0
github.com/IIIoooRRR/G4D/api/restriction.go:21.2,22.12 2 0
github.com/IIIoooRRR/G4D/api/restriction.go:24.86,31.16 5 0
github.com/IIIoooRRR/G4D/api/restriction.go:31.17,33.3 0 0
github.com/IIIoooRRR/G4D/api/restriction.go:34.2,35.12 2 0
github.com/IIIoooRRR/G4D/helpers/user.go:9.67,10.22 1 0
github.com/IIIoooRRR/G4D/helpers/user.go:10.22,12.3 1 0
github.com/IIIoooRRR/G4D/helpers/user.go:13.2,13.88 1 0
github.com/IIIoooRRR/G4D/model/dependencies/Embed.go:69.46,72.16 3 0
github.com/IIIoooRRR/G4D/model/dependencies/Embed.go:72.16,74.3 1 0
github.com/IIIoooRRR/G4D/model/dependencies/Embed.go:75.2,76.12 2 0
github.com/IIIoooRRR/G4D/model/dependencies/ui/button.go:17.32,17.33 0 0
github.com/IIIoooRRR/G4D/model/dependencies/ui/button.go:19.41,24.2 1 0
github.com/IIIoooRRR/G4D/model/dependencies/ui/button.go:25.44,28.2 2 0
github.com/IIIoooRRR/G4D/model/dependencies/ui/button.go:29.43,32.2 2 0
github.com/IIIoooRRR/G4D/model/dependencies/ui/button.go:33.51,36.2 2 0
github.com/IIIoooRRR/G4D/model/dependencies/ui/button.go:37.47,40.2 2 0
github.com/IIIoooRRR/G4D/model/dependencies/ui/button.go:41.60,44.2 2 0
github.com/IIIoooRRR/G4D/model/dependencies/ui/component.go:11.71,14.2 2 0
github.com/IIIoooRRR/G4D/model/dependencies/ui/component.go:15.32,20.2 1 0
github.com/IIIoooRRR/G4D/model/dependencies/ui/input.go:15.35,15.36 0 0
github.com/IIIoooRRR/G4D/model/dependencies/ui/input.go:17.64,24.2 1 0
github.com/IIIoooRRR/G4D/model/dependencies/ui/input.go:25.65,28.2 2 0
github.com/IIIoooRRR/G4D/model/dependencies/ui/input.go:29.57,32.2 2 0
github.com/IIIoooRRR/G4D/model/dependencies/ui/input.go:33.53,36.2 2 0
github.com/IIIoooRRR/G4D/model/dependencies/ui/input.go:37.58,40.2 2 0
github.com/IIIoooRRR/G4D/model/dependencies/ui/input.go:41.58,44.2 2 0
github.com/IIIoooRRR/G4D/model/dependencies/ui/select_menu.go:25.37,25.38 0 0
github.com/IIIoooRRR/G4D/model/dependencies/ui/select_menu.go:27.43,32.2 1 0
github.com/IIIoooRRR/G4D/model/dependencies/ui/select_menu.go:33.57,38.2 1 0
github.com/IIIoooRRR/G4D/model/dependencies/ui/select_menu.go:39.72,42.2 2 0
github.com/IIIoooRRR/G4D/model/dependencies/ui/select_menu.go:43.73,46.2 2 0
github.com/IIIoooRRR/G4D/model/dependencies/ui/select_menu.go:47.67,50.2 2 0
github.com/IIIoooRRR/G4D/model/parse/Parser.go:10.47,12.18 2 1
github.com/IIIoooRRR/G4D/model/parse/Parser.go:12.18,14.3 1 1
github.com/IIIoooRRR/G4D/model/parse/Parser.go:15.2,16.16 2 1
github.com/IIIoooRRR/G4D/model/parse/Parser.go:16.16,19.3 2 1
github.com/IIIoooRRR/G4D/model/parse/Parser.go:20.2,20.10 1 1
github.com/IIIoooRRR/G4D/model/parse/Parser.go:24.53,27.16 3 0
github.com/IIIoooRRR/G4D/model/parse/Parser.go:27.16,29.3 1 0
github.com/IIIoooRRR/G4D/model/parse/Parser.go:30.2,30.21 1 0
github.com/IIIoooRRR/G4D/model/parse/init.go:25.13,26.31 1 1
github.com/IIIoooRRR/G4D/model/parse/init.go:26.31,30.3 3 1
github.com/IIIoooRRR/G4D/model/parse/init.go:30.8,34.3 3 0
github.com/IIIoooRRR/G4D/model/shema/InteractionResponse.go:22.59,26.2 1 0
github.com/IIIoooRRR/G4D/model/shema/InteractionResponse.go:28.91,31.2 2 0
github.com/IIIoooRRR/G4D/model/shema/InteractionResponse.go:33.69,36.2 2 0
github.com/IIIoooRRR/G4D/model/shema/InteractionResponse.go:38.74,42.2 1 0
github.com/IIIoooRRR/G4D/model/shema/InteractionResponse.go:43.98,46.2 2 0
github.com/IIIoooRRR/G4D/model/shema/InteractionResponse.go:47.83,50.2 2 0
github.com/IIIoooRRR/G4D/model/shema/InteractionResponse.go:51.97,54.2 2 0
github.com/IIIoooRRR/G4D/model/shema/InteractionResponse.go:55.86,58.2 2 0
github.com/IIIoooRRR/G4D/model/shema/InteractionResponse.go:59.92,62.2 2 0
github.com/IIIoooRRR/G4D/model/shema/Message.go:66.32,68.2 1 0
github.com/IIIoooRRR/G4D/model/shema/Message.go:69.63,72.2 2 0
github.com/IIIoooRRR/G4D/model/shema/Message.go:73.56,76.2 2 0
github.com/IIIoooRRR/G4D/model/shema/Message.go:77.76,78.37 1 0
github.com/IIIoooRRR/G4D/model/shema/Message.go:78.37,80.3 1 0
github.com/IIIoooRRR/G4D/model/shema/Message.go:80.8,82.3 1 0
github.com/IIIoooRRR/G4D/model/shema/Message.go:83.2,83.10 1 0
github.com/IIIoooRRR/G4D/model/shema/Message.go:85.91,86.47 1 0
github.com/IIIoooRRR/G4D/model/shema/Message.go:86.47,88.3 1 0
github.com/IIIoooRRR/G4D/model/shema/Message.go:88.8,90.3 1 0
github.com/IIIoooRRR/G4D/model/shema/Message.go:91.2,91.10 1 0
github.com/IIIoooRRR/G4D/model/shema/Message.go:94.78,100.2 2 0
github.com/IIIoooRRR/G4D/model/shema/Message.go:101.103,107.2 2 0
github.com/IIIoooRRR/G4D/model/shema/Message.go:108.76,111.2 2 0
